{
  "RSpec": {
    "coverage": {
      "/Users/marty/Documents/projects/hivemind/app/controllers/agents_controller.rb": {
        "lines": [
          null,
          null,
          1,
          1,
          null,
          1,
          2,
          null,
          null,
          1,
          4,
          null,
          null,
          null,
          4,
          null,
          null,
          null,
          null,
          4,
          null,
          null,
          1,
          3,
          3,
          null,
          null,
          1,
          7,
          null,
          7,
          3,
          null,
          4,
          4,
          null,
          null,
          null,
          1,
          3,
          null,
          null,
          1,
          7,
          3,
          null,
          4,
          4,
          null,
          null,
          null,
          1,
          3,
          3,
          null,
          null,
          1,
          null,
          1,
          17,
          null,
          null,
          1,
          14,
          null,
          null,
          null,
          null,
          null,
          null,
          1,
          4,
          null,
          4,
          null,
          null,
          null,
          4,
          null,
          null,
          null,
          null,
          null
        ],
        "branches": {
          "[:if, 0, 31, 4, 36, 7]": {
            "[:then, 1, 32, 6, 32, 62]": 3,
            "[:else, 2, 34, 6, 35, 48]": 4
          },
          "[:if, 3, 44, 4, 49, 7]": {
            "[:then, 4, 45, 6, 45, 62]": 3,
            "[:else, 5, 47, 6, 48, 49]": 4
          }
        }
      },
      "/Users/marty/Documents/projects/hivemind/app/controllers/application_controller.rb": {
        "lines": [
          null,
          null,
          1,
          1,
          null,
          null,
          1,
          null,
          null,
          1,
          null
        ],
        "branches": {}
      },
      "/Users/marty/Documents/projects/hivemind/app/controllers/dashboard_controller.rb": {
        "lines": [
          null,
          null,
          1,
          1,
          5,
          null,
          null,
          null,
          5,
          5,
          null,
          null,
          1,
          null,
          1,
          null,
          5,
          null,
          null,
          null,
          null,
          5,
          null,
          null,
          null,
          null,
          null,
          5,
          0,
          null,
          null,
          null,
          1,
          5,
          null,
          5,
          10,
          null,
          null,
          null,
          null,
          10,
          null,
          null,
          null,
          10,
          null,
          null,
          null,
          null
        ],
        "branches": {
          "[:if, 0, 46, 23, 46, 118]": {
            "[:then, 1, 46, 65, 46, 114]": 10,
            "[:else, 2, 46, 117, 46, 118]": 0
          }
        }
      },
      "/Users/marty/Documents/projects/hivemind/app/models/agent_budget.rb": {
        "lines": [
          null,
          null,
          null,
          1,
          1,
          null,
          1,
          null,
          1,
          1,
          1,
          null,
          null,
          1,
          null,
          1,
          4,
          3,
          null,
          null,
          1,
          8,
          6,
          null,
          null,
          1,
          4,
          3,
          null,
          null,
          1,
          3,
          null,
          null,
          1,
          0,
          null,
          null,
          1,
          3,
          null,
          null,
          null,
          null,
          null
        ],
        "branches": {
          "[:unless, 0, 17, 4, 17, 31]": {
            "[:else, 1, 17, 4, 17, 31]": 3,
            "[:then, 2, 17, 4, 17, 12]": 1
          },
          "[:if, 3, 22, 4, 22, 53]": {
            "[:then, 4, 22, 4, 22, 12]": 2,
            "[:else, 5, 22, 4, 22, 53]": 6
          },
          "[:unless, 6, 27, 4, 27, 35]": {
            "[:else, 7, 27, 4, 27, 35]": 3,
            "[:then, 8, 27, 4, 27, 16]": 1
          }
        }
      },
      "/Users/marty/Documents/projects/hivemind/app/models/application_record.rb": {
        "lines": [
          1,
          1,
          null
        ],
        "branches": {}
      },
      "/Users/marty/Documents/projects/hivemind/app/models/agent.rb": {
        "lines": [
          null,
          null,
          1,
          null,
          1,
          1,
          398,
          398,
          null,
          null,
          null,
          null,
          1,
          0,
          null,
          null,
          1,
          0,
          null,
          null,
          1,
          null,
          1,
          1,
          1,
          1,
          1,
          1,
          1,
          null,
          1,
          null,
          1,
          1,
          null,
          3,
          2,
          3,
          null,
          1,
          null,
          1,
          null,
          null,
          null,
          null,
          null,
          1,
          null,
          1,
          null,
          null,
          null,
          null,
          null
        ],
        "branches": {
          "[:if, 0, 7, 6, 7, 54]": {
            "[:then, 1, 7, 6, 7, 18]": 0,
            "[:else, 2, 7, 6, 7, 54]": 398
          }
        }
      },
      "/Users/marty/Documents/projects/hivemind/app/models/api_token.rb": {
        "lines": [
          null,
          null,
          1,
          1,
          null,
          1,
          1,
          null,
          7,
          null,
          1,
          null,
          1,
          null,
          1,
          6,
          null,
          4,
          4,
          null,
          null,
          1,
          3,
          null,
          null,
          1,
          2,
          null,
          null,
          1,
          2,
          null,
          null,
          1,
          1,
          null,
          null,
          1,
          null,
          1,
          26,
          26,
          26,
          null,
          null
        ],
        "branches": {
          "[:if, 0, 16, 4, 16, 30]": {
            "[:then, 1, 16, 4, 16, 14]": 2,
            "[:else, 2, 16, 4, 16, 30]": 4
          }
        }
      },
      "/Users/marty/Documents/projects/hivemind/app/models/approval_request.rb": {
        "lines": [
          null,
          null,
          1,
          1,
          null,
          1,
          null,
          1,
          1,
          1,
          1,
          null,
          1,
          1,
          null,
          7,
          3,
          3,
          7,
          null,
          1,
          2,
          null,
          null,
          1,
          2,
          null,
          null,
          1,
          2,
          null,
          null,
          1,
          4,
          null,
          null,
          1,
          3,
          null,
          null,
          1,
          null,
          1,
          42,
          null,
          null,
          1,
          42,
          null,
          null
        ],
        "branches": {}
      },
      "/Users/marty/Documents/projects/hivemind/app/models/audit_log.rb": {
        "lines": [
          null,
          null,
          1,
          1,
          1,
          1,
          null,
          2,
          2,
          2,
          null,
          null,
          1,
          33,
          null,
          null,
          1,
          8,
          null,
          null,
          null,
          null,
          null,
          null,
          null,
          null
        ],
        "branches": {}
      },
      "/Users/marty/Documents/projects/hivemind/app/models/channel.rb": {
        "lines": [
          null,
          null,
          1,
          1,
          1,
          null,
          3,
          null,
          1,
          null,
          1,
          null,
          1,
          12,
          12,
          null,
          null
        ],
        "branches": {
          "[:if, 0, 15, 4, 15, 39]": {
            "[:then, 1, 15, 4, 15, 23]": 11,
            "[:else, 2, 15, 4, 15, 39]": 1
          }
        }
      },
      "/Users/marty/Documents/projects/hivemind/app/models/device_pairing.rb": {
        "lines": [
          null,
          null,
          1,
          1,
          null,
          1,
          1,
          null,
          3,
          null,
          1,
          null,
          1,
          3,
          null,
          null,
          1,
          2,
          null,
          null,
          1,
          2,
          null,
          null,
          1,
          null,
          1,
          28,
          null,
          null
        ],
        "branches": {}
      },
      "/Users/marty/Documents/projects/hivemind/app/models/provider_config.rb": {
        "lines": [
          null,
          null,
          1,
          1,
          1,
          null,
          12,
          null,
          1,
          null,
          1,
          10,
          null,
          8,
          8,
          8,
          null,
          null,
          1,
          null,
          1,
          37,
          37,
          null,
          null
        ],
        "branches": {
          "[:if, 0, 12, 4, 12, 34]": {
            "[:then, 1, 12, 4, 12, 14]": 2,
            "[:else, 2, 12, 4, 12, 34]": 8
          },
          "[:\"&.\", 3, 16, 4, 16, 26]": {
            "[:then, 4, 16, 4, 16, 26]": 5,
            "[:else, 5, 16, 4, 16, 26]": 3
          },
          "[:if, 6, 23, 4, 23, 39]": {
            "[:then, 7, 23, 4, 23, 23]": 0,
            "[:else, 8, 23, 4, 23, 39]": 37
          }
        }
      },
      "/Users/marty/Documents/projects/hivemind/app/models/scheduled_task.rb": {
        "lines": [
          null,
          null,
          1,
          1,
          null,
          1,
          1,
          1,
          null,
          3,
          3,
          3,
          null,
          1,
          2,
          null,
          null,
          1,
          2,
          null,
          null,
          1,
          4,
          2,
          2,
          1,
          null,
          1,
          null,
          null,
          null
        ],
        "branches": {
          "[:if, 0, 23, 4, 29, 7]": {
            "[:then, 1, 24, 6, 24, 13]": 2,
            "[:else, 2, 25, 4, 29, 7]": 2
          },
          "[:if, 3, 25, 4, 29, 7]": {
            "[:then, 4, 26, 6, 26, 15]": 1,
            "[:else, 5, 28, 6, 28, 17]": 1
          }
        }
      },
      "/Users/marty/Documents/projects/hivemind/app/models/session.rb": {
        "lines": [
          null,
          null,
          1,
          1,
          null,
          1,
          1,
          null,
          1,
          null,
          1,
          null,
          3,
          3,
          null,
          1,
          null,
          1,
          3,
          3,
          3,
          3,
          null,
          null,
          1,
          4,
          null,
          null,
          1,
          null,
          1,
          null,
          null,
          null,
          null,
          null,
          null,
          null,
          null,
          null,
          1,
          1,
          null,
          null,
          1,
          null,
          1,
          59,
          59,
          59,
          59,
          59,
          null,
          null
        ],
        "branches": {
          "[:\"&.\", 0, 32, 22, 32, 39]": {
            "[:then, 1, 32, 22, 32, 39]": 1,
            "[:else, 2, 32, 22, 32, 39]": 0
          },
          "[:\"&.\", 3, 32, 22, 32, 57]": {
            "[:then, 4, 32, 22, 32, 57]": 1,
            "[:else, 5, 32, 22, 32, 57]": 0
          },
          "[:\"&.\", 6, 33, 21, 33, 37]": {
            "[:then, 7, 33, 21, 33, 37]": 1,
            "[:else, 8, 33, 21, 33, 37]": 0
          },
          "[:\"&.\", 9, 33, 21, 33, 55]": {
            "[:then, 10, 33, 21, 33, 55]": 1,
            "[:else, 11, 33, 21, 33, 55]": 0
          }
        }
      },
      "/Users/marty/Documents/projects/hivemind/app/models/team_message.rb": {
        "lines": [
          null,
          null,
          1,
          1,
          1,
          1,
          null,
          1,
          null,
          2,
          2,
          2,
          null,
          1,
          null,
          1,
          null,
          1,
          36,
          36,
          null,
          null
        ],
        "branches": {}
      },
      "/Users/marty/Documents/projects/hivemind/app/models/team.rb": {
        "lines": [
          null,
          null,
          1,
          1,
          1,
          null,
          1,
          null
        ],
        "branches": {}
      },
      "/Users/marty/Documents/projects/hivemind/app/models/transcript_archive.rb": {
        "lines": [
          null,
          null,
          1,
          1,
          null,
          1,
          null,
          1,
          null,
          1,
          null,
          1,
          5,
          null,
          null
        ],
        "branches": {}
      },
      "/Users/marty/Documents/projects/hivemind/app/models/usage_record.rb": {
        "lines": [
          null,
          null,
          1,
          1,
          1,
          null,
          1,
          null,
          3,
          2,
          null,
          1,
          null,
          1,
          2,
          null,
          null,
          1,
          null,
          1,
          26,
          26,
          26,
          26,
          26,
          null,
          null
        ],
        "branches": {}
      },
      "/Users/marty/Documents/projects/hivemind/app/models/user.rb": {
        "lines": [
          null,
          null,
          1,
          1,
          null,
          null,
          1,
          null,
          1,
          null,
          1,
          null
        ],
        "branches": {}
      },
      "/Users/marty/Documents/projects/hivemind/app/models/vault_entry.rb": {
        "lines": [
          null,
          null,
          1,
          1,
          null,
          1,
          null,
          1,
          1,
          1,
          null,
          3,
          2,
          2,
          null,
          1,
          null,
          19,
          19,
          null,
          null
        ],
        "branches": {
          "[:\"&.\", 0, 18, 48, 18, 57]": {
            "[:then, 1, 18, 48, 18, 57]": 8,
            "[:else, 2, 18, 48, 18, 57]": 11
          }
        }
      },
      "/Users/marty/Documents/projects/hivemind/app/services/audit/record.rb": {
        "lines": [
          null,
          null,
          1,
          1,
          1,
          21,
          null,
          null,
          1,
          21,
          21,
          21,
          21,
          21,
          null,
          null,
          1,
          null,
          21,
          null,
          null,
          null,
          null,
          null,
          null,
          null,
          21,
          null,
          null,
          null
        ],
        "branches": {}
      },
      "/Users/marty/Documents/projects/hivemind/app/services/providers/resolver.rb": {
        "lines": [
          null,
          null,
          1,
          1,
          null,
          1,
          null,
          null,
          null,
          null,
          1,
          9,
          null,
          null,
          1,
          9,
          9,
          null,
          null,
          1,
          9,
          null,
          9,
          2,
          null,
          null,
          7,
          null,
          7,
          1,
          null,
          null,
          6,
          null,
          6,
          6,
          null,
          null,
          null
        ],
        "branches": {
          "[:unless, 0, 23, 6, 25, 9]": {
            "[:else, 1, 23, 6, 25, 9]": 7,
            "[:then, 2, 24, 8, 24, 86]": 2
          },
          "[:unless, 3, 29, 6, 31, 9]": {
            "[:else, 4, 29, 6, 31, 9]": 6,
            "[:then, 5, 30, 8, 30, 88]": 1
          }
        }
      },
      "/Users/marty/Documents/projects/hivemind/app/services/providers/openai_adapter.rb": {
        "lines": [
          null,
          null,
          1,
          1,
          1,
          0,
          0,
          null,
          0,
          0,
          null,
          0,
          null,
          null,
          0,
          null,
          null,
          1,
          0,
          0,
          0,
          0,
          null,
          0,
          null,
          null,
          1,
          0,
          0,
          0,
          0,
          0,
          null,
          0,
          null,
          null,
          1,
          null,
          1,
          0,
          null,
          null,
          null,
          null,
          null,
          1,
          null,
          0,
          0,
          null,
          null,
          0,
          0,
          0,
          0,
          null,
          null,
          1,
          0,
          0,
          null,
          0,
          0,
          0,
          0,
          0,
          null,
          null,
          0,
          null,
          0,
          null,
          null,
          null,
          null,
          null,
          0,
          null,
          null,
          1,
          0,
          0,
          0,
          null,
          0,
          null,
          null,
          null,
          0,
          null,
          null,
          null
        ],
        "branches": {
          "[:if, 0, 9, 6, 13, 9]": {
            "[:then, 1, 10, 8, 10, 45]": 0,
            "[:else, 2, 12, 8, 12, 35]": 0
          },
          "[:\"&.\", 3, 21, 19, 21, 44]": {
            "[:then, 4, 21, 19, 21, 44]": 0,
            "[:else, 5, 21, 19, 21, 44]": 0
          },
          "[:if, 6, 52, 6, 52, 42]": {
            "[:then, 7, 52, 6, 52, 28]": 0,
            "[:else, 8, 52, 6, 52, 42]": 0
          },
          "[:if, 9, 53, 6, 53, 75]": {
            "[:then, 10, 53, 6, 53, 50]": 0,
            "[:else, 11, 53, 6, 53, 75]": 0
          },
          "[:if, 12, 54, 6, 54, 72]": {
            "[:then, 13, 54, 6, 54, 48]": 0,
            "[:else, 14, 54, 6, 54, 72]": 0
          },
          "[:if, 15, 64, 8, 67, 11]": {
            "[:then, 16, 65, 10, 66, 57]": 0,
            "[:else, 17, 64, 8, 67, 11]": 0
          },
          "[:if, 18, 69, 8, 74, 11]": {
            "[:then, 19, 70, 10, 73, 11]": 0,
            "[:else, 20, 69, 8, 74, 11]": 0
          }
        }
      },
      "/Users/marty/Documents/projects/hivemind/app/services/providers/base.rb": {
        "lines": [
          null,
          null,
          1,
          1,
          1,
          6,
          6,
          null,
          null,
          null,
          null,
          null,
          null,
          null,
          null,
          1,
          0,
          null,
          null,
          null,
          null,
          1,
          0,
          null,
          null,
          null,
          null,
          null,
          null,
          1,
          0,
          null,
          null,
          1,
          null,
          1,
          null,
          1,
          0,
          null,
          null,
          null
        ],
        "branches": {}
      },
      "/Users/marty/Documents/projects/hivemind/app/services/providers/anthropic_adapter.rb": {
        "lines": [
          null,
          null,
          1,
          1,
          1,
          0,
          0,
          null,
          0,
          0,
          null,
          0,
          null,
          null,
          0,
          null,
          null,
          1,
          null,
          0,
          null,
          null,
          null,
          null,
          0,
          null,
          null,
          1,
          null,
          0,
          null,
          null,
          1,
          null,
          1,
          0,
          null,
          null,
          null,
          null,
          null,
          1,
          null,
          0,
          0,
          null,
          null,
          0,
          0,
          null,
          null,
          null,
          0,
          0,
          0,
          0,
          null,
          null,
          1,
          0,
          0,
          null,
          0,
          null,
          null,
          0,
          0,
          0,
          0,
          0,
          null,
          null,
          null,
          0,
          0,
          null,
          null,
          0,
          0,
          null,
          null,
          null,
          null,
          null,
          0,
          null,
          null,
          1,
          0,
          0,
          0,
          null,
          0,
          null,
          null,
          null,
          0,
          null,
          null,
          null
        ],
        "branches": {
          "[:if, 0, 9, 6, 13, 9]": {
            "[:then, 1, 10, 8, 10, 45]": 0,
            "[:else, 2, 12, 8, 12, 35]": 0
          },
          "[:if, 3, 53, 6, 53, 58]": {
            "[:then, 4, 53, 6, 53, 44]": 0,
            "[:else, 5, 53, 6, 53, 58]": 0
          },
          "[:if, 6, 54, 6, 54, 42]": {
            "[:then, 7, 54, 6, 54, 28]": 0,
            "[:else, 8, 54, 6, 54, 42]": 0
          },
          "[:if, 9, 55, 6, 55, 75]": {
            "[:then, 10, 55, 6, 55, 50]": 0,
            "[:else, 11, 55, 6, 55, 75]": 0
          },
          "[:if, 12, 66, 12, 72, 15]": {
            "[:then, 13, 67, 14, 71, 17]": 0,
            "[:else, 14, 66, 12, 72, 15]": 0
          },
          "[:if, 15, 68, 14, 71, 17]": {
            "[:then, 16, 69, 16, 70, 63]": 0,
            "[:else, 17, 68, 14, 71, 17]": 0
          },
          "[:if, 18, 74, 12, 76, 15]": {
            "[:then, 19, 75, 14, 75, 73]": 0,
            "[:else, 20, 74, 12, 76, 15]": 0
          },
          "[:if, 21, 78, 12, 80, 15]": {
            "[:then, 22, 79, 14, 79, 82]": 0,
            "[:else, 23, 78, 12, 80, 15]": 0
          },
          "[:\"&.\", 24, 91, 19, 91, 46]": {
            "[:then, 25, 91, 19, 91, 46]": 0,
            "[:else, 26, 91, 19, 91, 46]": 0
          }
        }
      },
      "/Users/marty/Documents/projects/hivemind/app/services/providers/ollama_adapter.rb": {
        "lines": [
          null,
          null,
          1,
          1,
          1,
          0,
          null,
          0,
          0,
          null,
          0,
          null,
          null,
          0,
          null,
          null,
          1,
          0,
          0,
          0,
          0,
          null,
          0,
          null,
          null,
          1,
          0,
          0,
          0,
          null,
          0,
          0,
          null,
          0,
          null,
          null,
          1,
          null,
          1,
          0,
          0,
          0,
          0,
          null,
          null,
          null,
          1,
          0,
          null,
          null,
          1,
          null,
          0,
          0,
          null,
          null,
          null,
          null,
          null,
          null,
          null,
          null,
          1,
          0,
          null,
          0,
          0,
          null,
          null,
          0,
          0,
          null,
          0,
          0,
          0,
          0,
          0,
          null,
          null,
          null,
          null,
          0,
          null,
          null,
          1,
          0,
          0,
          null,
          null,
          0,
          0,
          null,
          0,
          null,
          null,
          null,
          0,
          null,
          null,
          null
        ],
        "branches": {
          "[:if, 0, 8, 6, 12, 9]": {
            "[:then, 1, 9, 8, 9, 36]": 0,
            "[:else, 2, 11, 8, 11, 26]": 0
          },
          "[:\"&.\", 3, 20, 19, 20, 38]": {
            "[:then, 4, 20, 19, 20, 38]": 0,
            "[:else, 5, 20, 19, 20, 38]": 0
          },
          "[:if, 6, 71, 8, 71, 33]": {
            "[:then, 7, 71, 8, 71, 12]": 0,
            "[:else, 8, 71, 8, 71, 33]": 0
          },
          "[:\"&.\", 9, 74, 11, 74, 43]": {
            "[:then, 10, 74, 11, 74, 43]": 0,
            "[:else, 11, 74, 11, 74, 43]": 0
          },
          "[:if, 12, 74, 8, 78, 11]": {
            "[:then, 13, 75, 10, 77, 57]": 0,
            "[:else, 14, 74, 8, 78, 11]": 0
          }
        }
      },
      "/Users/marty/Documents/projects/hivemind/app/services/vault/read.rb": {
        "lines": [
          null,
          null,
          1,
          1,
          1,
          6,
          null,
          null,
          1,
          6,
          6,
          6,
          null,
          null,
          1,
          6,
          null,
          6,
          2,
          null,
          null,
          4,
          4,
          null,
          null,
          null,
          null,
          null,
          null,
          4,
          null,
          null,
          null
        ],
        "branches": {
          "[:unless, 0, 18, 6, 20, 9]": {
            "[:else, 1, 18, 6, 20, 9]": 4,
            "[:then, 2, 19, 8, 19, 88]": 2
          },
          "[:if, 3, 23, 20, 23, 47]": {
            "[:then, 4, 23, 29, 23, 36]": 2,
            "[:else, 5, 23, 39, 23, 47]": 2
          },
          "[:\"&.\", 6, 24, 18, 24, 28]": {
            "[:then, 7, 24, 18, 24, 28]": 2,
            "[:else, 8, 24, 18, 24, 28]": 2
          }
        }
      },
      "/Users/marty/Documents/projects/hivemind/app/services/vault/write.rb": {
        "lines": [
          null,
          null,
          1,
          1,
          1,
          13,
          null,
          null,
          1,
          13,
          13,
          13,
          13,
          13,
          null,
          null,
          1,
          13,
          null,
          null,
          null,
          null,
          null,
          13,
          13,
          null,
          13,
          11,
          null,
          11,
          11,
          null,
          null,
          null,
          null,
          null,
          null,
          11,
          null,
          2,
          null,
          null,
          null,
          null
        ],
        "branches": {
          "[:\"&.\", 0, 21, 18, 21, 28]": {
            "[:then, 1, 21, 18, 21, 28]": 2,
            "[:else, 2, 21, 18, 21, 28]": 11
          },
          "[:if, 3, 27, 6, 41, 9]": {
            "[:then, 4, 28, 8, 38, 49]": 11,
            "[:else, 5, 40, 8, 40, 66]": 2
          },
          "[:if, 6, 28, 17, 28, 79]": {
            "[:then, 7, 28, 48, 28, 62]": 6,
            "[:else, 8, 28, 65, 28, 79]": 5
          },
          "[:if, 9, 31, 22, 31, 49]": {
            "[:then, 10, 31, 31, 31, 38]": 2,
            "[:else, 11, 31, 41, 31, 49]": 9
          },
          "[:\"&.\", 12, 32, 20, 32, 30]": {
            "[:then, 13, 32, 20, 32, 30]": 2,
            "[:else, 14, 32, 20, 32, 30]": 9
          }
        }
      },
      "/Users/marty/Documents/projects/hivemind/app/sidekiq/audit_log_job.rb": {
        "lines": [
          null,
          null,
          1,
          1,
          null,
          1,
          null,
          1,
          4,
          null,
          null,
          null,
          null,
          null,
          null,
          null,
          null
        ],
        "branches": {}
      },
      "/Users/marty/Documents/projects/hivemind/app/lib/service_response.rb": {
        "lines": [
          null,
          null,
          1,
          1,
          1,
          null,
          1,
          49,
          49,
          49,
          null,
          null,
          1,
          42,
          null,
          null,
          1,
          7,
          null,
          null
        ],
        "branches": {}
      },
      "/Users/marty/Documents/projects/hivemind/app/controllers/agent_templates_controller.rb": {
        "lines": [
          null,
          null,
          0,
          0,
          0,
          null,
          0,
          0,
          0,
          0,
          0,
          0,
          null,
          0,
          0,
          null,
          0,
          0,
          0,
          0,
          0,
          null,
          0,
          0,
          0,
          0,
          0,
          0,
          null,
          0,
          null,
          0,
          0,
          0,
          null,
          0,
          0,
          0,
          0,
          0
        ],
        "branches": {}
      },
      "/Users/marty/Documents/projects/hivemind/app/controllers/analytics_controller.rb": {
        "lines": [
          null,
          null,
          0,
          0,
          0,
          null,
          0,
          0,
          null,
          0,
          0,
          0,
          0,
          0,
          0,
          0,
          0,
          0,
          0,
          0,
          null,
          0,
          0,
          0,
          null,
          0,
          0,
          0,
          0,
          0,
          0,
          0,
          null,
          0,
          null,
          0,
          0,
          0,
          0
        ],
        "branches": {}
      },
      "/Users/marty/Documents/projects/hivemind/app/controllers/api/v1/agents_controller.rb": {
        "lines": [
          null,
          null,
          0,
          0,
          0,
          0,
          null,
          0,
          0,
          0,
          0,
          null,
          0,
          0,
          0,
          0,
          0,
          0,
          null,
          0,
          0,
          null,
          0,
          0,
          0,
          0,
          0,
          0,
          null,
          0,
          0,
          0,
          0,
          0,
          0,
          0,
          null,
          0,
          0,
          0,
          0,
          null,
          0,
          null,
          0,
          0,
          0,
          null,
          0,
          0,
          0,
          0,
          0,
          0,
          0,
          0,
          0,
          0
        ],
        "branches": {}
      },
      "/Users/marty/Documents/projects/hivemind/app/controllers/api/v1/sessions_controller.rb": {
        "lines": [
          null,
          null,
          0,
          0,
          0,
          0,
          null,
          0,
          0,
          0,
          0,
          0,
          null,
          0,
          0,
          0,
          null,
          0,
          0,
          0,
          0,
          0,
          0,
          0,
          0,
          0,
          null,
          0,
          0,
          0,
          0,
          0,
          0,
          null,
          0,
          0,
          0,
          0,
          null,
          0,
          null,
          0,
          0,
          0,
          0,
          0,
          0
        ],
        "branches": {}
      },
      "/Users/marty/Documents/projects/hivemind/app/controllers/api_controller.rb": {
        "lines": [
          null,
          null,
          0,
          0,
          0,
          null,
          0,
          0,
          0,
          null,
          0,
          0,
          0,
          null,
          0,
          null,
          0,
          0,
          null,
          0,
          null,
          0,
          null,
          0,
          null,
          0,
          0,
          null,
          0,
          0,
          0,
          0
        ],
        "branches": {}
      },
      "/Users/marty/Documents/projects/hivemind/app/controllers/budgets_controller.rb": {
        "lines": [
          null,
          null,
          0,
          0,
          0,
          null,
          0,
          0,
          0,
          0,
          null,
          0,
          0,
          0,
          null,
          0,
          0,
          null,
          null,
          0,
          0,
          0,
          null,
          0,
          0,
          0,
          0,
          0,
          0,
          0,
          0,
          0,
          0,
          null,
          0,
          0,
          0,
          0,
          0,
          null,
          0,
          null,
          0,
          0,
          0,
          null,
          0,
          0,
          0,
          0
        ],
        "branches": {}
      },
      "/Users/marty/Documents/projects/hivemind/app/controllers/platform_controller.rb": {
        "lines": [
          null,
          null,
          0,
          0,
          0,
          null,
          0,
          0,
          null,
          0,
          0,
          0,
          0,
          0,
          0,
          0,
          null,
          0,
          0,
          null,
          0,
          0,
          0,
          0,
          null,
          0,
          0,
          0,
          0,
          0,
          0,
          null,
          0,
          0,
          0,
          0,
          0,
          null,
          0,
          0,
          0,
          0,
          0,
          0,
          null,
          0,
          null,
          0,
          0,
          0,
          0,
          0,
          0
        ],
        "branches": {}
      },
      "/Users/marty/Documents/projects/hivemind/app/controllers/webhooks_controller.rb": {
        "lines": [
          null,
          null,
          0,
          0,
          0,
          0,
          null,
          0,
          0,
          null,
          0,
          null,
          0,
          null,
          0,
          null,
          0,
          0,
          0,
          0,
          0,
          0,
          0,
          0,
          0,
          0,
          0,
          0,
          0,
          null,
          0,
          0,
          0,
          0,
          0,
          0,
          0,
          0,
          0,
          0,
          0,
          0,
          null,
          0,
          null,
          0,
          0,
          null,
          0,
          0,
          0,
          0,
          null,
          0,
          0,
          0,
          null,
          0,
          0,
          0,
          0,
          0,
          null,
          0,
          0,
          null,
          0,
          0,
          0,
          0,
          0,
          0,
          0,
          0,
          0,
          0,
          0,
          null,
          0,
          0,
          0,
          0
        ],
        "branches": {}
      },
      "/Users/marty/Documents/projects/hivemind/app/jobs/application_job.rb": {
        "lines": [
          0,
          null,
          null,
          null,
          null,
          null,
          0
        ],
        "branches": {}
      },
      "/Users/marty/Documents/projects/hivemind/app/models/agent_template.rb": {
        "lines": [
          null,
          null,
          null,
          0,
          0,
          null,
          0,
          0,
          0,
          0,
          null,
          0,
          0,
          null,
          0,
          0,
          0,
          0,
          0,
          0,
          0,
          0
        ],
        "branches": {}
      },
      "/Users/marty/Documents/projects/hivemind/app/models/inbound_message.rb": {
        "lines": [
          null,
          null,
          0,
          0,
          null,
          0,
          0,
          0,
          null,
          0,
          0,
          0
        ],
        "branches": {}
      },
      "/Users/marty/Documents/projects/hivemind/app/models/memory_entry.rb": {
        "lines": [
          null,
          null,
          0,
          0,
          0,
          null,
          null,
          null,
          0,
          0,
          null,
          0,
          0,
          null,
          null,
          null,
          0,
          0,
          0,
          0,
          null,
          null,
          null,
          null,
          null,
          0,
          null,
          null,
          0,
          null,
          0,
          null,
          null,
          0,
          null,
          null,
          0,
          0,
          0,
          0
        ],
        "branches": {}
      },
      "/Users/marty/Documents/projects/hivemind/app/models/outbound_message.rb": {
        "lines": [
          null,
          null,
          0,
          0,
          null,
          0,
          0,
          null,
          0,
          0,
          0
        ],
        "branches": {}
      },
      "/Users/marty/Documents/projects/hivemind/app/services/agents/communicate.rb": {
        "lines": [
          null,
          null,
          0,
          0,
          0,
          0,
          0,
          null,
          0,
          0,
          0,
          0,
          0,
          0,
          null,
          0,
          0,
          null,
          0,
          null,
          0,
          0,
          0,
          0,
          0,
          0,
          0,
          0,
          0,
          null,
          0,
          null,
          0,
          0,
          0,
          null,
          0,
          0,
          0,
          0,
          0,
          0,
          0,
          0,
          0,
          null,
          0,
          0,
          0,
          0,
          0,
          0,
          0,
          0,
          0,
          0,
          0,
          0,
          0,
          0,
          0,
          0,
          0,
          0,
          0,
          0,
          0,
          0,
          0,
          0,
          0
        ],
        "branches": {}
      },
      "/Users/marty/Documents/projects/hivemind/app/services/agents/create_from_template.rb": {
        "lines": [
          null,
          null,
          0,
          null,
          0,
          0,
          0,
          0,
          null,
          0,
          0,
          0,
          0,
          0,
          null,
          0,
          0,
          0,
          0,
          0,
          0,
          0,
          0,
          0,
          null,
          0,
          0,
          null,
          0,
          0,
          0,
          0,
          0,
          0,
          null,
          0,
          0,
          0,
          0,
          0,
          0,
          0,
          null,
          0,
          null,
          0,
          null,
          0,
          0,
          null,
          null,
          0,
          0,
          0,
          null,
          null,
          0,
          null,
          null,
          0,
          0,
          0,
          0
        ],
        "branches": {}
      },
      "/Users/marty/Documents/projects/hivemind/app/services/agents/delegate.rb": {
        "lines": [
          null,
          null,
          0,
          0,
          0,
          0,
          0,
          null,
          0,
          0,
          0,
          0,
          0,
          0,
          null,
          0,
          0,
          0,
          null,
          0,
          null,
          0,
          0,
          0,
          0,
          0,
          0,
          0,
          0,
          0,
          null,
          0,
          null,
          0,
          0,
          0,
          null,
          0,
          0,
          0,
          0,
          0,
          0,
          0,
          0,
          0,
          0,
          null,
          0,
          0,
          0,
          0,
          0
        ],
        "branches": {}
      },
      "/Users/marty/Documents/projects/hivemind/app/services/agents/handoff.rb": {
        "lines": [
          null,
          null,
          0,
          null,
          0,
          0,
          0,
          0,
          0,
          0,
          0,
          0,
          0,
          null,
          0,
          0,
          0,
          0,
          0,
          0,
          null,
          0,
          0,
          null,
          0,
          0,
          0,
          0,
          0,
          0,
          0,
          null,
          null,
          0,
          null,
          null,
          0,
          null,
          null,
          0,
          null,
          null,
          0,
          0,
          0,
          0,
          0,
          0,
          0,
          0,
          0,
          0,
          0,
          null,
          0,
          0,
          0,
          0,
          0,
          0,
          0,
          0,
          0,
          0,
          0,
          null,
          0,
          null,
          0,
          null,
          0,
          null,
          null,
          0,
          0,
          0,
          0,
          0,
          0,
          0,
          0,
          0,
          0,
          0,
          0,
          null,
          0,
          0,
          null,
          0,
          0,
          0,
          0,
          null,
          null,
          null,
          null,
          null,
          0,
          0,
          0,
          0,
          0,
          0,
          null,
          0,
          null,
          0,
          null,
          0,
          null,
          0,
          0,
          0,
          0,
          0,
          0,
          null,
          0,
          0,
          null,
          0,
          0,
          null,
          0,
          0,
          0,
          0,
          0,
          0,
          0,
          0,
          0,
          0,
          0,
          0,
          0,
          null,
          0,
          0,
          0,
          0,
          0,
          0,
          0,
          0,
          0,
          0,
          0,
          0,
          0,
          0,
          0,
          null,
          0,
          0,
          0,
          0,
          0
        ],
        "branches": {}
      },
      "/Users/marty/Documents/projects/hivemind/app/services/agents/manage_cron.rb": {
        "lines": [
          null,
          null,
          0,
          0,
          0,
          null,
          0,
          0,
          0,
          null,
          0,
          0,
          0,
          0,
          0,
          0,
          0,
          0,
          0,
          null,
          0,
          0,
          null,
          0,
          null,
          null,
          0,
          0,
          0,
          0,
          0,
          0,
          0,
          0,
          null,
          0,
          0,
          0,
          0,
          null,
          0,
          null,
          0,
          0,
          0,
          null,
          0,
          0,
          0,
          0,
          0,
          0,
          0,
          0,
          null,
          0,
          0,
          0,
          0,
          0,
          0,
          0,
          null,
          0,
          0,
          null,
          0,
          0,
          null,
          0,
          0,
          0,
          0,
          0,
          0,
          null,
          0,
          0,
          0,
          0,
          0,
          0,
          0,
          null,
          0,
          0,
          null,
          0,
          0,
          null,
          0,
          0,
          null,
          0,
          0,
          null,
          0,
          0,
          0,
          0,
          null,
          0,
          0,
          null,
          0,
          0,
          0,
          0,
          0,
          0,
          0,
          0,
          0,
          0,
          0,
          null,
          0,
          0,
          0,
          0,
          0,
          0
        ],
        "branches": {}
      },
      "/Users/marty/Documents/projects/hivemind/app/services/agents/orchestrate.rb": {
        "lines": [
          null,
          null,
          0,
          0,
          0,
          0,
          0,
          null,
          0,
          0,
          0,
          0,
          0,
          null,
          0,
          0,
          null,
          0,
          0,
          null,
          0,
          0,
          0,
          null,
          0,
          0,
          0,
          0,
          0,
          0,
          null,
          0,
          0,
          null,
          0,
          0,
          0,
          0,
          0,
          0,
          0,
          0,
          0,
          0,
          0,
          0,
          0,
          null,
          0,
          null,
          0,
          0,
          0,
          null,
          0,
          null,
          null,
          0,
          0,
          0,
          0,
          0,
          0,
          null,
          0,
          null,
          0,
          0,
          0,
          0,
          0,
          0,
          0,
          0,
          0,
          0,
          0,
          null,
          0,
          0,
          0,
          null,
          0,
          0,
          0,
          0,
          0
        ],
        "branches": {}
      },
      "/Users/marty/Documents/projects/hivemind/app/services/analytics/agent_summary.rb": {
        "lines": [
          null,
          null,
          0,
          null,
          0,
          0,
          0,
          0,
          null,
          0,
          0,
          0,
          0,
          0,
          null,
          0,
          0,
          0,
          0,
          0,
          0,
          0,
          0,
          0,
          0,
          0,
          0,
          null,
          0,
          0,
          0,
          0,
          null,
          0,
          null,
          0,
          0,
          0,
          0,
          0,
          0,
          0,
          0,
          0,
          0,
          0,
          0,
          null,
          0,
          0,
          null,
          0,
          0,
          0,
          0,
          0,
          0,
          0,
          null,
          0,
          0,
          null,
          0,
          0,
          0,
          0,
          0,
          0,
          null,
          0,
          0,
          0,
          null,
          null,
          0,
          0,
          null,
          0,
          0,
          0,
          0,
          0,
          0,
          0,
          null,
          0,
          null,
          0,
          0,
          null,
          0,
          0,
          null,
          0,
          0,
          0,
          0,
          0,
          0,
          0,
          0,
          null,
          null,
          0,
          0,
          null,
          0,
          0,
          0,
          0,
          0,
          null,
          0,
          0,
          0,
          null,
          0,
          0,
          0,
          null,
          0,
          0,
          0,
          0,
          null,
          0,
          null,
          0,
          0,
          0,
          null,
          0,
          0,
          0,
          0
        ],
        "branches": {}
      },
      "/Users/marty/Documents/projects/hivemind/app/services/analytics/team_summary.rb": {
        "lines": [
          null,
          null,
          0,
          null,
          0,
          0,
          0,
          0,
          null,
          0,
          0,
          0,
          0,
          0,
          null,
          0,
          0,
          null,
          0,
          0,
          0,
          0,
          0,
          0,
          0,
          0,
          null,
          0,
          0,
          0,
          0,
          null,
          0,
          null,
          0,
          0,
          0,
          0,
          0,
          0,
          0,
          0,
          0,
          0,
          0,
          0,
          null,
          0,
          0,
          0,
          0,
          null,
          0,
          0,
          0,
          0,
          0,
          0,
          0,
          0,
          null,
          0,
          0,
          0,
          0,
          null,
          0,
          0,
          0,
          0,
          0,
          0,
          0,
          0,
          null,
          0,
          0,
          null,
          0,
          0,
          0,
          0,
          0
        ],
        "branches": {}
      },
      "/Users/marty/Documents/projects/hivemind/app/services/approvals/request.rb": {
        "lines": [
          null,
          null,
          0,
          0,
          0,
          0,
          0,
          null,
          0,
          0,
          0,
          0,
          0,
          0,
          0,
          null,
          0,
          0,
          0,
          0,
          0,
          0,
          0,
          0,
          null,
          0,
          0,
          0,
          0,
          0,
          0,
          0,
          0,
          0,
          0,
          null,
          0,
          null,
          0,
          0,
          0,
          0,
          0,
          0,
          0,
          0,
          0,
          0,
          0,
          0,
          0,
          0,
          0,
          0,
          0,
          0,
          0,
          0,
          0,
          null,
          0,
          0,
          0,
          0,
          0,
          0,
          0,
          0,
          0,
          0,
          0,
          0,
          0,
          0,
          0,
          0
        ],
        "branches": {}
      },
      "/Users/marty/Documents/projects/hivemind/app/services/approvals/resolve.rb": {
        "lines": [
          null,
          null,
          0,
          0,
          0,
          0,
          0,
          null,
          0,
          0,
          0,
          0,
          0,
          0,
          null,
          0,
          0,
          0,
          0,
          0,
          0,
          null,
          0,
          0,
          0,
          0,
          0,
          0,
          null,
          0,
          0,
          0,
          null,
          0,
          0,
          0,
          0,
          null,
          0,
          null,
          0,
          0,
          0,
          0,
          0,
          0,
          0,
          0,
          0,
          0,
          0,
          0,
          0,
          0,
          0,
          null,
          0,
          0,
          0,
          0,
          0,
          0,
          0,
          0,
          0,
          0,
          0,
          0,
          0,
          0,
          0,
          null,
          0,
          null,
          null,
          0,
          null,
          null,
          null,
          null,
          null,
          null,
          null,
          null,
          null,
          0,
          0,
          0
        ],
        "branches": {}
      },
      "/Users/marty/Documents/projects/hivemind/app/services/budgets/check.rb": {
        "lines": [
          null,
          null,
          0,
          null,
          0,
          0,
          0,
          0,
          null,
          0,
          0,
          0,
          0,
          null,
          0,
          null,
          0,
          null,
          null,
          0,
          null,
          null,
          0,
          0,
          0,
          null,
          null,
          0,
          0,
          null,
          0,
          0,
          0,
          0,
          0,
          0,
          0,
          0,
          0,
          0,
          0,
          0,
          0,
          0,
          null,
          0,
          null,
          0,
          0,
          0,
          null,
          0,
          0,
          0,
          0,
          0,
          0,
          0,
          0,
          0,
          0,
          0,
          0
        ],
        "branches": {}
      },
      "/Users/marty/Documents/projects/hivemind/app/services/budgets/record_spend.rb": {
        "lines": [
          null,
          null,
          0,
          null,
          0,
          0,
          0,
          0,
          null,
          0,
          0,
          0,
          0,
          0,
          null,
          0,
          0,
          null,
          0,
          null,
          0,
          0,
          null,
          null,
          0,
          0,
          0,
          0,
          0,
          0,
          null,
          null,
          0,
          0,
          0,
          0,
          0,
          0,
          null,
          null,
          0,
          null,
          0,
          0,
          0,
          0,
          0,
          0,
          0,
          0,
          0,
          0,
          0,
          null,
          0,
          null,
          0,
          0,
          null,
          null,
          0,
          0,
          null,
          0,
          0,
          0,
          null,
          0,
          null,
          0,
          0,
          0,
          0,
          0,
          0,
          0,
          0,
          0,
          0,
          0,
          null,
          0,
          0,
          0,
          0,
          0,
          0,
          0,
          0,
          0,
          0,
          0,
          0
        ],
        "branches": {}
      },
      "/Users/marty/Documents/projects/hivemind/app/services/channels/base_adapter.rb": {
        "lines": [
          null,
          null,
          0,
          0,
          0,
          null,
          0,
          0,
          0,
          null,
          null,
          null,
          null,
          0,
          0,
          0,
          null,
          null,
          null,
          null,
          null,
          null,
          0,
          0,
          0,
          null,
          null,
          null,
          null,
          0,
          0,
          0,
          null,
          0,
          null,
          null,
          0,
          0,
          0,
          0,
          0,
          0,
          0,
          0,
          0,
          null,
          null,
          0,
          0,
          null,
          0,
          0,
          0,
          null,
          null,
          0,
          0,
          0,
          0,
          0,
          0,
          0,
          0,
          0,
          0,
          null,
          null,
          0,
          0,
          0,
          0,
          0,
          0,
          0,
          0,
          0,
          0,
          0
        ],
        "branches": {}
      },
      "/Users/marty/Documents/projects/hivemind/app/services/channels/discord_adapter.rb": {
        "lines": [
          null,
          null,
          0,
          0,
          0,
          null,
          0,
          null,
          0,
          null,
          null,
          null,
          null,
          0,
          0,
          0,
          0,
          0,
          0,
          0,
          0,
          0,
          0,
          0,
          null,
          0,
          0,
          0,
          0,
          0,
          0,
          0,
          null,
          0,
          0,
          0,
          null,
          0,
          0,
          0,
          null,
          0,
          null,
          0,
          0,
          0,
          0,
          0,
          0,
          0,
          0,
          null,
          0,
          0,
          null,
          0,
          0,
          0,
          0,
          0,
          0,
          0,
          0,
          null,
          0,
          0,
          0,
          0,
          0,
          0,
          0,
          null,
          0,
          null,
          0,
          0,
          null,
          0,
          null,
          0,
          0,
          null,
          0,
          0,
          0,
          0,
          0,
          0,
          0,
          0,
          null,
          0,
          null,
          0,
          0,
          0,
          0,
          0,
          0,
          0,
          null,
          0,
          0,
          0,
          0,
          0,
          0,
          0,
          0,
          0
        ],
        "branches": {}
      },
      "/Users/marty/Documents/projects/hivemind/app/services/channels/signal_adapter.rb": {
        "lines": [
          null,
          null,
          0,
          null,
          null,
          null,
          0,
          0,
          0,
          0,
          0,
          null,
          0,
          0,
          0,
          0,
          0,
          0,
          0,
          null,
          0,
          null,
          0,
          0,
          0,
          0,
          null,
          0,
          null,
          0,
          0,
          0,
          0,
          0,
          0,
          0,
          0,
          0,
          null,
          null,
          0,
          null,
          null,
          0,
          null,
          0,
          0,
          0,
          0,
          null,
          0,
          null,
          0,
          null,
          0,
          0,
          0,
          0,
          0,
          0,
          0,
          0,
          0,
          0,
          0,
          null,
          0,
          null,
          0,
          0,
          0,
          null,
          0,
          0,
          0,
          null,
          0,
          null,
          null,
          null,
          null,
          0,
          0,
          0,
          0
        ],
        "branches": {}
      },
      "/Users/marty/Documents/projects/hivemind/app/services/channels/slack_adapter.rb": {
        "lines": [
          null,
          null,
          0,
          0,
          0,
          null,
          0,
          0,
          null,
          null,
          0,
          0,
          0,
          null,
          null,
          0,
          0,
          null,
          null,
          0,
          null,
          0,
          0,
          0,
          0,
          0,
          0,
          0,
          0,
          0,
          0,
          null,
          0,
          0,
          0,
          0,
          0,
          0,
          0,
          null,
          0,
          0,
          0,
          null,
          0,
          0,
          0,
          0,
          null,
          0,
          0,
          null,
          0,
          0,
          0,
          0,
          0,
          0,
          0,
          0,
          null,
          0,
          0,
          null,
          0,
          0,
          0,
          0,
          0,
          0,
          0,
          0,
          0,
          null,
          0,
          0,
          0,
          0,
          0,
          0,
          0,
          0,
          0,
          0,
          null,
          0,
          null,
          0,
          0,
          null,
          0,
          null,
          null,
          0,
          null,
          0,
          0,
          null,
          0,
          0,
          null,
          0,
          0,
          null,
          0,
          null,
          0,
          0,
          0,
          0,
          0,
          0,
          0,
          0,
          0
        ],
        "branches": {}
      },
      "/Users/marty/Documents/projects/hivemind/app/services/channels/telegram_adapter.rb": {
        "lines": [
          null,
          null,
          0,
          0,
          0,
          null,
          0,
          null,
          0,
          null,
          0,
          null,
          0,
          null,
          null,
          0,
          0,
          0,
          0,
          0,
          0,
          0,
          0,
          0,
          0,
          null,
          null,
          null,
          null,
          0,
          0,
          0,
          0,
          null,
          0,
          0,
          0,
          null,
          0,
          0,
          0,
          0,
          0,
          null,
          0,
          0,
          0,
          0,
          0,
          null,
          0,
          0,
          null,
          null,
          0,
          0,
          0,
          0,
          0,
          0,
          0,
          0,
          null,
          0,
          0,
          0,
          0,
          0,
          0,
          0,
          null,
          0,
          null,
          0,
          0,
          null,
          0,
          null,
          0,
          0,
          null,
          0,
          null,
          0,
          0,
          0,
          0,
          0,
          0,
          0,
          0,
          0
        ],
        "branches": {}
      },
      "/Users/marty/Documents/projects/hivemind/app/services/channels/whatsapp_adapter.rb": {
        "lines": [
          null,
          null,
          0,
          null,
          null,
          null,
          0,
          0,
          0,
          0,
          0,
          null,
          0,
          0,
          0,
          0,
          0,
          0,
          0,
          null,
          0,
          null,
          0,
          0,
          0,
          0,
          null,
          0,
          0,
          0,
          0,
          0,
          0,
          0,
          0,
          null,
          0,
          null,
          0,
          0,
          0,
          0,
          null,
          0,
          0,
          0,
          0,
          0,
          0,
          0,
          null,
          0,
          null,
          0,
          0,
          0,
          0,
          null,
          0,
          null,
          0,
          0,
          0,
          0,
          0,
          0,
          0,
          0,
          0,
          0,
          null,
          null,
          0,
          null,
          null,
          0,
          null,
          0,
          0,
          0,
          0,
          null,
          0,
          null,
          0,
          0,
          null,
          0,
          0,
          0,
          0,
          0,
          0,
          0,
          0,
          0,
          0,
          null,
          0,
          null,
          0,
          0,
          0,
          null,
          0,
          0,
          0,
          null,
          0,
          null,
          null,
          null,
          null,
          null,
          0,
          0,
          0,
          0
        ],
        "branches": {}
      },
      "/Users/marty/Documents/projects/hivemind/app/services/memory/search.rb": {
        "lines": [
          null,
          null,
          0,
          0,
          0,
          0,
          0,
          null,
          0,
          0,
          0,
          0,
          0,
          0,
          null,
          0,
          0,
          null,
          0,
          0,
          null,
          0,
          0,
          0,
          0,
          0,
          0,
          null,
          null,
          0,
          0,
          0,
          0,
          0,
          0,
          0,
          0,
          0,
          0,
          0,
          null,
          0,
          0,
          0,
          0,
          0,
          0,
          0,
          0,
          null,
          0,
          null,
          0,
          null,
          null,
          0,
          null,
          0,
          0,
          0,
          0,
          0,
          0,
          0,
          0,
          0,
          0,
          0,
          null,
          0,
          0,
          0,
          0,
          0,
          null,
          0,
          null,
          0,
          null,
          0,
          0,
          0,
          0,
          0,
          0,
          0,
          0,
          null,
          0,
          0,
          0,
          0,
          0,
          0,
          0,
          0,
          0,
          0,
          null,
          0,
          0,
          0,
          null,
          0,
          0,
          0,
          0,
          0,
          null,
          0,
          0,
          0,
          null,
          null,
          0,
          0,
          0,
          0,
          0,
          0,
          0,
          0,
          0,
          0,
          0,
          0,
          0,
          0
        ],
        "branches": {}
      },
      "/Users/marty/Documents/projects/hivemind/app/services/memory/store.rb": {
        "lines": [
          null,
          null,
          0,
          0,
          0,
          0,
          0,
          null,
          0,
          0,
          0,
          0,
          0,
          0,
          null,
          0,
          0,
          null,
          0,
          0,
          null,
          0,
          0,
          0,
          0,
          0,
          0,
          0,
          null,
          0,
          0,
          0,
          0,
          0,
          0,
          0,
          0,
          null,
          0,
          null,
          0,
          null,
          0,
          null,
          0,
          0,
          0,
          0,
          null,
          0,
          0,
          0,
          0,
          0,
          0,
          0,
          null,
          0,
          null,
          0,
          0,
          0,
          0,
          null,
          0,
          null,
          0,
          null,
          0,
          0,
          0,
          0,
          0,
          0,
          0,
          0,
          null,
          0,
          0,
          0,
          0,
          0,
          0,
          0,
          0,
          0,
          0,
          0,
          null,
          0,
          null,
          0,
          0,
          null,
          0,
          0,
          0,
          0,
          0,
          null,
          0,
          0,
          0,
          null,
          null,
          0,
          0,
          0,
          0,
          0,
          0,
          0,
          0,
          0,
          0,
          0,
          0,
          0,
          0,
          0
        ],
        "branches": {}
      },
      "/Users/marty/Documents/projects/hivemind/app/services/platform/clear_cache.rb": {
        "lines": [
          null,
          null,
          0,
          null,
          0,
          0,
          0,
          0,
          null,
          0,
          0,
          0,
          0,
          null,
          0,
          0,
          null,
          0,
          0,
          0,
          0,
          0,
          0,
          0,
          0,
          0,
          0,
          0,
          0,
          0,
          0,
          null,
          0,
          0,
          0,
          0,
          0,
          0,
          0,
          0,
          0,
          null,
          0,
          0,
          0,
          0,
          null,
          0,
          null,
          0,
          0,
          0,
          0,
          null,
          0,
          null,
          null,
          0,
          0,
          0,
          0
        ],
        "branches": {}
      },
      "/Users/marty/Documents/projects/hivemind/app/services/platform/container_status.rb": {
        "lines": [
          null,
          null,
          0,
          null,
          0,
          0,
          null,
          0,
          0,
          0,
          null,
          0,
          0,
          0,
          0,
          0,
          0,
          0,
          0,
          null,
          0,
          0,
          0,
          0,
          null,
          0,
          null,
          0,
          0,
          0,
          0,
          0,
          0,
          0,
          null,
          0,
          null,
          0,
          null,
          0,
          0,
          0,
          0,
          0,
          0,
          0,
          0,
          0,
          0,
          null,
          0,
          null,
          0,
          0,
          0,
          0,
          0,
          0,
          0,
          0,
          0,
          0,
          0,
          null,
          0,
          0,
          0,
          0,
          0,
          0,
          0,
          null,
          0,
          0,
          null,
          0,
          0,
          0,
          0,
          0,
          0,
          0,
          0,
          0,
          0,
          0,
          0,
          0,
          null,
          0,
          0,
          0,
          0,
          0,
          null,
          0,
          0,
          0,
          0,
          0
        ],
        "branches": {}
      },
      "/Users/marty/Documents/projects/hivemind/app/services/platform/restart_service.rb": {
        "lines": [
          null,
          null,
          0,
          null,
          0,
          0,
          0,
          null,
          0,
          0,
          0,
          null,
          0,
          0,
          0,
          0,
          null,
          0,
          null,
          0,
          0,
          0,
          0,
          0,
          null,
          0,
          0,
          0,
          0,
          0,
          null,
          null,
          0,
          null,
          0,
          0,
          0,
          0,
          0,
          0,
          0,
          0,
          0,
          0,
          null,
          0,
          0,
          0,
          0,
          0,
          0,
          0,
          0,
          0,
          0,
          0,
          0,
          0,
          null,
          0,
          null,
          0,
          null,
          null,
          null,
          0,
          0,
          0,
          0,
          0,
          0,
          null,
          0,
          0,
          0,
          0,
          null,
          0,
          0,
          0,
          0,
          0,
          0,
          0,
          0,
          0,
          0,
          0,
          0,
          null,
          0,
          null,
          0,
          0,
          0,
          0,
          0,
          0,
          null,
          0,
          0,
          0,
          0,
          0
        ],
        "branches": {}
      },
      "/Users/marty/Documents/projects/hivemind/app/sidekiq/agent_scheduled_job.rb": {
        "lines": [
          null,
          null,
          0,
          0,
          null,
          0,
          null,
          0,
          0,
          0,
          null,
          0,
          null,
          null,
          0,
          0,
          0,
          0,
          0,
          0,
          0,
          0,
          0,
          0,
          0,
          null,
          null,
          0,
          0,
          0,
          0,
          null,
          null,
          null,
          null,
          0,
          null,
          0,
          0,
          0,
          0,
          0,
          0,
          0,
          0,
          0,
          null,
          0,
          null,
          0,
          null,
          null,
          null,
          0,
          null,
          null,
          null,
          0,
          0
        ],
        "branches": {}
      },
      "/Users/marty/Documents/projects/hivemind/app/sidekiq/agent_task_job.rb": {
        "lines": [
          null,
          null,
          0,
          0,
          null,
          0,
          null,
          0,
          0,
          0,
          null,
          null,
          0,
          0,
          0,
          0,
          0,
          0,
          0,
          0,
          0,
          0,
          0,
          null,
          null,
          0,
          null,
          null,
          null,
          null,
          0,
          null,
          null,
          0,
          null,
          null,
          0,
          0,
          0,
          0,
          0,
          0,
          0,
          0,
          0,
          0,
          0,
          0,
          0,
          0
        ],
        "branches": {}
      },
      "/Users/marty/Documents/projects/hivemind/app/sidekiq/budget_alert_job.rb": {
        "lines": [
          null,
          null,
          null,
          0,
          0,
          null,
          0,
          0,
          0,
          null,
          0,
          0,
          0,
          0,
          0,
          0,
          0,
          0,
          null,
          0,
          null,
          null,
          0,
          0,
          0,
          0,
          0,
          0,
          0,
          0,
          0,
          0,
          null,
          null,
          null,
          0,
          0,
          0,
          0,
          0,
          0,
          0,
          0,
          0,
          0,
          0,
          0
        ],
        "branches": {}
      },
      "/Users/marty/Documents/projects/hivemind/app/sidekiq/budget_reset_job.rb": {
        "lines": [
          null,
          null,
          null,
          0,
          0,
          null,
          0,
          0,
          null,
          0,
          0,
          null,
          0,
          0,
          0,
          0,
          0,
          null,
          0,
          null,
          0,
          0,
          0,
          0,
          0,
          0,
          0,
          null,
          0,
          null,
          0,
          0,
          0,
          0,
          0,
          0,
          0,
          0,
          0,
          0,
          0,
          0,
          0
        ],
        "branches": {}
      },
      "/Users/marty/Documents/projects/hivemind/lib/connector/signal_connection.rb": {
        "lines": [
          null,
          null,
          0,
          null,
          null,
          null,
          0,
          0,
          null,
          0,
          0,
          0,
          0,
          0,
          0,
          0,
          0,
          null,
          0,
          0,
          null,
          0,
          0,
          0,
          0,
          null,
          null,
          0,
          0,
          0,
          0,
          0,
          0,
          0,
          0,
          0,
          0,
          null,
          0,
          0,
          0,
          0,
          0,
          null,
          0,
          0,
          0,
          0,
          0,
          null,
          0,
          0,
          0,
          0,
          0,
          null,
          0,
          null,
          0,
          0,
          0,
          0,
          0,
          null,
          0,
          0,
          0,
          0,
          null,
          0,
          0,
          0,
          0,
          0,
          0,
          null,
          0,
          0,
          0,
          null,
          0,
          0,
          0,
          null,
          0,
          null,
          0,
          0,
          0,
          0,
          0,
          0,
          null,
          0,
          0,
          null,
          0,
          null,
          0,
          0,
          0,
          0,
          0,
          0,
          0,
          null,
          0,
          0,
          0,
          null,
          0,
          0,
          null,
          0,
          0,
          0,
          0,
          0,
          0,
          0,
          0,
          null,
          0,
          0,
          0,
          null,
          0,
          0,
          0,
          0,
          0,
          0,
          0,
          null,
          0,
          0,
          null,
          0,
          0,
          0,
          0,
          0,
          0,
          null,
          0,
          0,
          0,
          0,
          0
        ],
        "branches": {}
      },
      "/Users/marty/Documents/projects/hivemind/lib/connector/start.rb": {
        "lines": [
          null,
          null,
          null,
          0,
          0,
          0,
          0,
          null,
          0,
          0,
          null,
          null,
          null,
          null,
          0,
          0,
          0,
          null,
          0,
          0,
          0,
          0,
          0,
          0,
          0,
          null,
          0,
          0,
          null,
          0,
          0,
          0,
          0,
          null,
          null,
          0,
          null,
          null,
          0,
          null,
          null,
          0,
          0,
          0,
          0,
          null,
          0,
          0,
          null,
          0,
          null,
          0,
          0,
          null,
          null,
          0,
          0,
          0,
          0,
          0,
          0,
          0,
          0,
          null,
          null,
          0,
          0,
          0,
          0,
          0,
          0,
          0,
          0,
          0,
          null,
          0,
          0,
          null,
          0,
          0,
          0,
          0,
          0,
          0,
          0,
          0,
          0,
          0,
          0,
          null,
          0,
          0,
          0,
          null,
          0,
          null,
          0,
          0,
          0,
          0,
          0,
          0,
          0,
          0,
          0,
          null,
          0,
          0,
          null,
          0,
          0,
          0,
          0,
          0,
          null,
          0,
          0,
          0,
          0,
          0,
          0,
          null,
          0,
          null,
          0,
          0,
          0,
          0,
          0,
          0,
          0,
          null,
          0,
          0,
          0,
          0,
          0,
          0,
          0,
          0,
          null,
          0,
          0,
          0,
          0,
          0,
          0,
          0,
          null,
          null,
          0
        ],
        "branches": {}
      },
      "/Users/marty/Documents/projects/hivemind/lib/connector/whatsapp_connection.rb": {
        "lines": [
          null,
          null,
          null,
          null,
          null,
          0,
          0,
          null,
          0,
          0,
          0,
          0,
          0,
          0,
          0,
          null,
          0,
          0,
          0,
          null,
          null,
          0,
          null,
          0,
          0,
          0,
          0,
          0,
          0,
          0,
          0,
          0,
          null,
          0,
          0,
          0,
          null,
          0,
          null,
          0,
          0,
          0,
          0,
          0,
          null,
          0,
          0,
          0,
          0,
          0,
          null,
          0,
          null,
          null,
          null,
          null,
          null,
          0,
          0,
          0,
          0,
          0,
          0,
          0,
          0,
          0,
          0,
          0,
          null,
          0,
          0,
          0,
          null,
          0,
          0,
          0,
          null,
          0,
          null,
          0,
          0,
          null,
          0,
          0,
          0,
          null,
          0,
          0,
          null,
          null,
          0,
          0,
          0,
          null,
          null,
          0,
          0,
          null,
          0,
          null,
          null,
          0,
          0,
          0,
          0,
          0,
          null,
          0,
          0,
          0,
          0,
          0,
          0,
          0,
          null,
          0,
          null,
          0,
          0,
          null,
          0,
          0,
          null,
          null,
          null,
          null,
          0,
          0,
          null,
          0,
          0,
          0,
          0,
          0,
          null,
          0,
          null,
          0,
          0,
          null,
          0,
          null,
          0,
          0,
          null,
          0,
          null,
          0,
          0,
          0
        ],
        "branches": {}
      }
    },
    "timestamp": 1771005148
  }
}
